<?xml version="1.0" encoding="UTF-8"?>
<coverage generated="1709863414288" clover="3.2.0">
  <project timestamp="1709863414288" name="All files">
    <metrics statements="35" coveredstatements="35" conditionals="41" coveredconditionals="41" methods="1" coveredmethods="1" elements="77" coveredelements="77" complexity="0" loc="35" ncloc="35" packages="1" files="1" classes="1"/>
    <file name="bloodPressure.js" path="/workspaces/CIS-470-TermTest-Iqbal/Code-2/bloodPressure.js">
      <metrics statements="35" coveredstatements="35" conditionals="41" coveredconditionals="41" methods="1" coveredmethods="1"/>
      <line num="5" count="32" type="stmt"/>
      <line num="14" count="32" type="cond" truecount="4" falsecount="0"/>
      <line num="15" count="2" type="stmt"/>
      <line num="17" count="30" type="cond" truecount="4" falsecount="0"/>
      <line num="18" count="1" type="stmt"/>
      <line num="21" count="29" type="cond" truecount="2" falsecount="0"/>
      <line num="22" count="1" type="stmt"/>
      <line num="25" count="28" type="cond" truecount="2" falsecount="0"/>
      <line num="26" count="1" type="stmt"/>
      <line num="29" count="27" type="cond" truecount="4" falsecount="0"/>
      <line num="30" count="3" type="stmt"/>
      <line num="33" count="24" type="cond" truecount="7" falsecount="0"/>
      <line num="34" count="8" type="stmt"/>
      <line num="41" count="16" type="cond" truecount="2" falsecount="0"/>
      <line num="42" count="1" type="stmt"/>
      <line num="43" count="15" type="cond" truecount="2" falsecount="0"/>
      <line num="44" count="3" type="stmt"/>
      <line num="45" count="12" type="cond" truecount="2" falsecount="0"/>
      <line num="46" count="2" type="stmt"/>
      <line num="47" count="10" type="cond" truecount="2" falsecount="0"/>
      <line num="48" count="9" type="stmt"/>
      <line num="50" count="1" type="stmt"/>
      <line num="53" count="16" type="cond" truecount="2" falsecount="0"/>
      <line num="54" count="2" type="stmt"/>
      <line num="55" count="14" type="cond" truecount="2" falsecount="0"/>
      <line num="56" count="3" type="stmt"/>
      <line num="57" count="11" type="cond" truecount="2" falsecount="0"/>
      <line num="58" count="2" type="stmt"/>
      <line num="59" count="9" type="cond" truecount="2" falsecount="0"/>
      <line num="60" count="8" type="stmt"/>
      <line num="62" count="1" type="stmt"/>
      <line num="66" count="16" type="cond" truecount="2" falsecount="0"/>
      <line num="67" count="15" type="stmt"/>
      <line num="69" count="1" type="stmt"/>
      <line num="73" count="1" type="stmt"/>
    </file>
  </project>
</coverage>
