{"/workspaces/CIS-470-TermTest/Code-2/bloodPressure.js": {"path":"/workspaces/CIS-470-TermTest/Code-2/bloodPressure.js","statementMap":{"0":{"start":{"line":2,"column":25},"end":{"line":8,"column":3}},"1":{"start":{"line":11,"column":2},"end":{"line":13,"column":3}},"2":{"start":{"line":12,"column":4},"end":{"line":12,"column":56}},"3":{"start":{"line":14,"column":2},"end":{"line":16,"column":3}},"4":{"start":{"line":15,"column":4},"end":{"line":15,"column":73}},"5":{"start":{"line":18,"column":2},"end":{"line":20,"column":3}},"6":{"start":{"line":19,"column":4},"end":{"line":19,"column":81}},"7":{"start":{"line":22,"column":3},"end":{"line":24,"column":3}},"8":{"start":{"line":23,"column":4},"end":{"line":23,"column":99}},"9":{"start":{"line":29,"column":0},"end":{"line":39,"column":1}},"10":{"start":{"line":30,"column":2},"end":{"line":30,"column":31}},"11":{"start":{"line":31,"column":7},"end":{"line":39,"column":1}},"12":{"start":{"line":32,"column":2},"end":{"line":32,"column":40}},"13":{"start":{"line":33,"column":7},"end":{"line":39,"column":1}},"14":{"start":{"line":34,"column":2},"end":{"line":34,"column":36}},"15":{"start":{"line":35,"column":7},"end":{"line":39,"column":1}},"16":{"start":{"line":36,"column":2},"end":{"line":36,"column":36}},"17":{"start":{"line":38,"column":2},"end":{"line":38,"column":44}},"18":{"start":{"line":41,"column":0},"end":{"line":51,"column":1}},"19":{"start":{"line":42,"column":2},"end":{"line":42,"column":32}},"20":{"start":{"line":43,"column":7},"end":{"line":51,"column":1}},"21":{"start":{"line":44,"column":2},"end":{"line":44,"column":41}},"22":{"start":{"line":45,"column":7},"end":{"line":51,"column":1}},"23":{"start":{"line":46,"column":2},"end":{"line":46,"column":37}},"24":{"start":{"line":47,"column":7},"end":{"line":51,"column":1}},"25":{"start":{"line":48,"column":2},"end":{"line":48,"column":37}},"26":{"start":{"line":50,"column":2},"end":{"line":50,"column":45}},"27":{"start":{"line":54,"column":0},"end":{"line":58,"column":1}},"28":{"start":{"line":55,"column":2},"end":{"line":55,"column":28}},"29":{"start":{"line":57,"column":2},"end":{"line":57,"column":27}},"30":{"start":{"line":62,"column":0},"end":{"line":62,"column":31}}},"fnMap":{"0":{"name":"BloodPressure","decl":{"start":{"line":1,"column":9},"end":{"line":1,"column":22}},"loc":{"start":{"line":1,"column":69},"end":{"line":59,"column":1}},"line":1}},"branchMap":{"0":{"loc":{"start":{"line":11,"column":2},"end":{"line":13,"column":3}},"type":"if","locations":[{"start":{"line":11,"column":2},"end":{"line":13,"column":3}},{"start":{},"end":{}}],"line":11},"1":{"loc":{"start":{"line":11,"column":6},"end":{"line":11,"column":66}},"type":"binary-expr","locations":[{"start":{"line":11,"column":6},"end":{"line":11,"column":37}},{"start":{"line":11,"column":41},"end":{"line":11,"column":66}}],"line":11},"2":{"loc":{"start":{"line":14,"column":2},"end":{"line":16,"column":3}},"type":"if","locations":[{"start":{"line":14,"column":2},"end":{"line":16,"column":3}},{"start":{},"end":{}}],"line":14},"3":{"loc":{"start":{"line":18,"column":2},"end":{"line":20,"column":3}},"type":"if","locations":[{"start":{"line":18,"column":2},"end":{"line":20,"column":3}},{"start":{},"end":{}}],"line":18},"4":{"loc":{"start":{"line":18,"column":6},"end":{"line":18,"column":41}},"type":"binary-expr","locations":[{"start":{"line":18,"column":6},"end":{"line":18,"column":20}},{"start":{"line":18,"column":24},"end":{"line":18,"column":41}}],"line":18},"5":{"loc":{"start":{"line":22,"column":3},"end":{"line":24,"column":3}},"type":"if","locations":[{"start":{"line":22,"column":3},"end":{"line":24,"column":3}},{"start":{},"end":{}}],"line":22},"6":{"loc":{"start":{"line":22,"column":7},"end":{"line":22,"column":63}},"type":"binary-expr","locations":[{"start":{"line":22,"column":7},"end":{"line":22,"column":20}},{"start":{"line":22,"column":24},"end":{"line":22,"column":38}},{"start":{"line":22,"column":42},"end":{"line":22,"column":63}}],"line":22},"7":{"loc":{"start":{"line":29,"column":0},"end":{"line":39,"column":1}},"type":"if","locations":[{"start":{"line":29,"column":0},"end":{"line":39,"column":1}},{"start":{"line":31,"column":7},"end":{"line":39,"column":1}}],"line":29},"8":{"loc":{"start":{"line":31,"column":7},"end":{"line":39,"column":1}},"type":"if","locations":[{"start":{"line":31,"column":7},"end":{"line":39,"column":1}},{"start":{"line":33,"column":7},"end":{"line":39,"column":1}}],"line":31},"9":{"loc":{"start":{"line":33,"column":7},"end":{"line":39,"column":1}},"type":"if","locations":[{"start":{"line":33,"column":7},"end":{"line":39,"column":1}},{"start":{"line":35,"column":7},"end":{"line":39,"column":1}}],"line":33},"10":{"loc":{"start":{"line":35,"column":7},"end":{"line":39,"column":1}},"type":"if","locations":[{"start":{"line":35,"column":7},"end":{"line":39,"column":1}},{"start":{"line":37,"column":7},"end":{"line":39,"column":1}}],"line":35},"11":{"loc":{"start":{"line":41,"column":0},"end":{"line":51,"column":1}},"type":"if","locations":[{"start":{"line":41,"column":0},"end":{"line":51,"column":1}},{"start":{"line":43,"column":7},"end":{"line":51,"column":1}}],"line":41},"12":{"loc":{"start":{"line":43,"column":7},"end":{"line":51,"column":1}},"type":"if","locations":[{"start":{"line":43,"column":7},"end":{"line":51,"column":1}},{"start":{"line":45,"column":7},"end":{"line":51,"column":1}}],"line":43},"13":{"loc":{"start":{"line":45,"column":7},"end":{"line":51,"column":1}},"type":"if","locations":[{"start":{"line":45,"column":7},"end":{"line":51,"column":1}},{"start":{"line":47,"column":7},"end":{"line":51,"column":1}}],"line":45},"14":{"loc":{"start":{"line":47,"column":7},"end":{"line":51,"column":1}},"type":"if","locations":[{"start":{"line":47,"column":7},"end":{"line":51,"column":1}},{"start":{"line":49,"column":7},"end":{"line":51,"column":1}}],"line":47},"15":{"loc":{"start":{"line":54,"column":0},"end":{"line":58,"column":1}},"type":"if","locations":[{"start":{"line":54,"column":0},"end":{"line":58,"column":1}},{"start":{"line":56,"column":7},"end":{"line":58,"column":1}}],"line":54}},"s":{"0":20,"1":20,"2":1,"3":19,"4":1,"5":18,"6":2,"7":16,"8":4,"9":12,"10":2,"11":10,"12":4,"13":6,"14":3,"15":3,"16":2,"17":1,"18":12,"19":2,"20":10,"21":4,"22":6,"23":3,"24":3,"25":2,"26":1,"27":12,"28":4,"29":8,"30":1},"f":{"0":20},"b":{"0":[1,19],"1":[20,20],"2":[1,18],"3":[2,16],"4":[18,17],"5":[4,12],"6":[16,15,13],"7":[2,10],"8":[4,6],"9":[3,3],"10":[2,1],"11":[2,10],"12":[4,6],"13":[3,3],"14":[2,1],"15":[4,8]},"_coverageSchema":"1a1c01bbd47fc00a2c39e90264f33305004495a9","hash":"b4a5ab993146719878c57058e1139ed31cd45028"}
}
