{"/workspaces/CIS-470-TermTest/Code-2/bloodPressure.js": {"path":"/workspaces/CIS-470-TermTest/Code-2/bloodPressure.js","statementMap":{"0":{"start":{"line":2,"column":25},"end":{"line":8,"column":3}},"1":{"start":{"line":11,"column":2},"end":{"line":13,"column":3}},"2":{"start":{"line":12,"column":4},"end":{"line":12,"column":56}},"3":{"start":{"line":14,"column":2},"end":{"line":16,"column":3}},"4":{"start":{"line":15,"column":4},"end":{"line":15,"column":73}},"5":{"start":{"line":18,"column":2},"end":{"line":20,"column":3}},"6":{"start":{"line":19,"column":4},"end":{"line":19,"column":81}},"7":{"start":{"line":22,"column":3},"end":{"line":24,"column":3}},"8":{"start":{"line":23,"column":4},"end":{"line":23,"column":99}},"9":{"start":{"line":29,"column":0},"end":{"line":39,"column":1}},"10":{"start":{"line":30,"column":2},"end":{"line":30,"column":31}},"11":{"start":{"line":31,"column":7},"end":{"line":39,"column":1}},"12":{"start":{"line":32,"column":2},"end":{"line":32,"column":40}},"13":{"start":{"line":33,"column":7},"end":{"line":39,"column":1}},"14":{"start":{"line":34,"column":2},"end":{"line":34,"column":36}},"15":{"start":{"line":35,"column":7},"end":{"line":39,"column":1}},"16":{"start":{"line":36,"column":2},"end":{"line":36,"column":36}},"17":{"start":{"line":38,"column":2},"end":{"line":38,"column":44}},"18":{"start":{"line":41,"column":0},"end":{"line":51,"column":1}},"19":{"start":{"line":42,"column":2},"end":{"line":42,"column":32}},"20":{"start":{"line":43,"column":7},"end":{"line":51,"column":1}},"21":{"start":{"line":44,"column":2},"end":{"line":44,"column":41}},"22":{"start":{"line":45,"column":7},"end":{"line":51,"column":1}},"23":{"start":{"line":46,"column":2},"end":{"line":46,"column":37}},"24":{"start":{"line":47,"column":7},"end":{"line":51,"column":1}},"25":{"start":{"line":48,"column":2},"end":{"line":48,"column":37}},"26":{"start":{"line":50,"column":2},"end":{"line":50,"column":45}},"27":{"start":{"line":54,"column":0},"end":{"line":58,"column":1}},"28":{"start":{"line":55,"column":2},"end":{"line":55,"column":28}},"29":{"start":{"line":57,"column":2},"end":{"line":57,"column":27}},"30":{"start":{"line":62,"column":0},"end":{"line":62,"column":31}}},"fnMap":{"0":{"name":"BloodPressure","decl":{"start":{"line":1,"column":9},"end":{"line":1,"column":22}},"loc":{"start":{"line":1,"column":69},"end":{"line":59,"column":1}},"line":1}},"branchMap":{"0":{"loc":{"start":{"line":11,"column":2},"end":{"line":13,"column":3}},"type":"if","locations":[{"start":{"line":11,"column":2},"end":{"line":13,"column":3}},{"start":{},"end":{}}],"line":11},"1":{"loc":{"start":{"line":11,"column":6},"end":{"line":11,"column":66}},"type":"binary-expr","locations":[{"start":{"line":11,"column":6},"end":{"line":11,"column":37}},{"start":{"line":11,"column":41},"end":{"line":11,"column":66}}],"line":11},"2":{"loc":{"start":{"line":14,"column":2},"end":{"line":16,"column":3}},"type":"if","locations":[{"start":{"line":14,"column":2},"end":{"line":16,"column":3}},{"start":{},"end":{}}],"line":14},"3":{"loc":{"start":{"line":18,"column":2},"end":{"line":20,"column":3}},"type":"if","locations":[{"start":{"line":18,"column":2},"end":{"line":20,"column":3}},{"start":{},"end":{}}],"line":18},"4":{"loc":{"start":{"line":18,"column":6},"end":{"line":18,"column":41}},"type":"binary-expr","locations":[{"start":{"line":18,"column":6},"end":{"line":18,"column":20}},{"start":{"line":18,"column":24},"end":{"line":18,"column":41}}],"line":18},"5":{"loc":{"start":{"line":22,"column":3},"end":{"line":24,"column":3}},"type":"if","locations":[{"start":{"line":22,"column":3},"end":{"line":24,"column":3}},{"start":{},"end":{}}],"line":22},"6":{"loc":{"start":{"line":22,"column":7},"end":{"line":22,"column":63}},"type":"binary-expr","locations":[{"start":{"line":22,"column":7},"end":{"line":22,"column":20}},{"start":{"line":22,"column":24},"end":{"line":22,"column":38}},{"start":{"line":22,"column":42},"end":{"line":22,"column":63}}],"line":22},"7":{"loc":{"start":{"line":29,"column":0},"end":{"line":39,"column":1}},"type":"if","locations":[{"start":{"line":29,"column":0},"end":{"line":39,"column":1}},{"start":{"line":31,"column":7},"end":{"line":39,"column":1}}],"line":29},"8":{"loc":{"start":{"line":31,"column":7},"end":{"line":39,"column":1}},"type":"if","locations":[{"start":{"line":31,"column":7},"end":{"line":39,"column":1}},{"start":{"line":33,"column":7},"end":{"line":39,"column":1}}],"line":31},"9":{"loc":{"start":{"line":33,"column":7},"end":{"line":39,"column":1}},"type":"if","locations":[{"start":{"line":33,"column":7},"end":{"line":39,"column":1}},{"start":{"line":35,"column":7},"end":{"line":39,"column":1}}],"line":33},"10":{"loc":{"start":{"line":35,"column":7},"end":{"line":39,"column":1}},"type":"if","locations":[{"start":{"line":35,"column":7},"end":{"line":39,"column":1}},{"start":{"line":37,"column":7},"end":{"line":39,"column":1}}],"line":35},"11":{"loc":{"start":{"line":41,"column":0},"end":{"line":51,"column":1}},"type":"if","locations":[{"start":{"line":41,"column":0},"end":{"line":51,"column":1}},{"start":{"line":43,"column":7},"end":{"line":51,"column":1}}],"line":41},"12":{"loc":{"start":{"line":43,"column":7},"end":{"line":51,"column":1}},"type":"if","locations":[{"start":{"line":43,"column":7},"end":{"line":51,"column":1}},{"start":{"line":45,"column":7},"end":{"line":51,"column":1}}],"line":43},"13":{"loc":{"start":{"line":45,"column":7},"end":{"line":51,"column":1}},"type":"if","locations":[{"start":{"line":45,"column":7},"end":{"line":51,"column":1}},{"start":{"line":47,"column":7},"end":{"line":51,"column":1}}],"line":45},"14":{"loc":{"start":{"line":47,"column":7},"end":{"line":51,"column":1}},"type":"if","locations":[{"start":{"line":47,"column":7},"end":{"line":51,"column":1}},{"start":{"line":49,"column":7},"end":{"line":51,"column":1}}],"line":47},"15":{"loc":{"start":{"line":54,"column":0},"end":{"line":58,"column":1}},"type":"if","locations":[{"start":{"line":54,"column":0},"end":{"line":58,"column":1}},{"start":{"line":56,"column":7},"end":{"line":58,"column":1}}],"line":54}},"s":{"0":33,"1":33,"2":2,"3":31,"4":1,"5":30,"6":3,"7":27,"8":9,"9":18,"10":6,"11":12,"12":8,"13":4,"14":1,"15":3,"16":1,"17":2,"18":18,"19":8,"20":10,"21":7,"22":3,"23":1,"24":2,"25":1,"26":1,"27":18,"28":3,"29":15,"30":1},"f":{"0":33},"b":{"0":[2,31],"1":[33,32],"2":[1,30],"3":[3,27],"4":[30,28],"5":[9,18],"6":[27,23,22],"7":[6,12],"8":[8,4],"9":[1,3],"10":[1,2],"11":[8,10],"12":[7,3],"13":[1,2],"14":[1,1],"15":[3,15]},"_coverageSchema":"1a1c01bbd47fc00a2c39e90264f33305004495a9","hash":"b4a5ab993146719878c57058e1139ed31cd45028"}
}
