TN:
SF:bloodPressure.js
FN:1,BloodPressure
FNF:1
FNH:1
FNDA:33,BloodPressure
DA:2,33
DA:11,33
DA:12,2
DA:14,31
DA:15,1
DA:18,30
DA:19,3
DA:22,27
DA:23,9
DA:29,18
DA:30,6
DA:31,12
DA:32,8
DA:33,4
DA:34,1
DA:35,3
DA:36,1
DA:38,2
DA:41,18
DA:42,8
DA:43,10
DA:44,7
DA:45,3
DA:46,1
DA:47,2
DA:48,1
DA:50,1
DA:54,18
DA:55,3
DA:57,15
DA:62,1
LF:31
LH:31
BRDA:11,0,0,2
BRDA:11,0,1,31
BRDA:11,1,0,33
BRDA:11,1,1,32
BRDA:14,2,0,1
BRDA:14,2,1,30
BRDA:18,3,0,3
BRDA:18,3,1,27
BRDA:18,4,0,30
BRDA:18,4,1,28
BRDA:22,5,0,9
BRDA:22,5,1,18
BRDA:22,6,0,27
BRDA:22,6,1,23
BRDA:22,6,2,22
BRDA:29,7,0,6
BRDA:29,7,1,12
BRDA:31,8,0,8
BRDA:31,8,1,4
BRDA:33,9,0,1
BRDA:33,9,1,3
BRDA:35,10,0,1
BRDA:35,10,1,2
BRDA:41,11,0,8
BRDA:41,11,1,10
BRDA:43,12,0,7
BRDA:43,12,1,3
BRDA:45,13,0,1
BRDA:45,13,1,2
BRDA:47,14,0,1
BRDA:47,14,1,1
BRDA:54,15,0,3
BRDA:54,15,1,15
BRF:33
BRH:33
end_of_record
