TN:
SF:bloodPressure.js
FN:3,BloodPressure
FNF:1
FNH:1
FNDA:32,BloodPressure
DA:5,32
DA:14,32
DA:15,2
DA:17,30
DA:18,1
DA:21,29
DA:22,1
DA:25,28
DA:26,1
DA:29,27
DA:30,3
DA:33,24
DA:34,8
DA:41,16
DA:42,1
DA:43,15
DA:44,3
DA:45,12
DA:46,2
DA:47,10
DA:48,9
DA:50,1
DA:53,16
DA:54,2
DA:55,14
DA:56,3
DA:57,11
DA:58,2
DA:59,9
DA:60,8
DA:62,1
DA:66,16
DA:67,15
DA:69,1
DA:73,1
LF:35
LH:35
BRDA:14,0,0,2
BRDA:14,0,1,30
BRDA:14,1,0,32
BRDA:14,1,1,31
BRDA:17,2,0,1
BRDA:17,2,1,29
BRDA:17,3,0,30
BRDA:17,3,1,29
BRDA:21,4,0,1
BRDA:21,4,1,28
BRDA:25,5,0,1
BRDA:25,5,1,27
BRDA:29,6,0,3
BRDA:29,6,1,24
BRDA:29,7,0,27
BRDA:29,7,1,25
BRDA:33,8,0,8
BRDA:33,8,1,16
BRDA:33,9,0,24
BRDA:33,9,1,21
BRDA:33,9,2,20
BRDA:33,9,3,16
BRDA:33,9,4,16
BRDA:41,10,0,1
BRDA:41,10,1,15
BRDA:43,11,0,3
BRDA:43,11,1,12
BRDA:45,12,0,2
BRDA:45,12,1,10
BRDA:47,13,0,9
BRDA:47,13,1,1
BRDA:53,14,0,2
BRDA:53,14,1,14
BRDA:55,15,0,3
BRDA:55,15,1,11
BRDA:57,16,0,2
BRDA:57,16,1,9
BRDA:59,17,0,8
BRDA:59,17,1,1
BRDA:66,18,0,15
BRDA:66,18,1,1
BRF:41
BRH:41
end_of_record
