<?xml version="1.0" encoding="UTF-8"?>
<coverage generated="1709863207102" clover="3.2.0">
  <project timestamp="1709863207102" name="All files">
    <metrics statements="17" coveredstatements="17" conditionals="25" coveredconditionals="24" methods="1" coveredmethods="1" elements="43" coveredelements="42" complexity="0" loc="17" ncloc="17" packages="1" files="1" classes="1"/>
    <file name="calculatePrice.js" path="/workspaces/CIS-470-TermTest-Iqbal/Code-1/calculatePrice.js">
      <metrics statements="17" coveredstatements="17" conditionals="25" coveredconditionals="24" methods="1" coveredmethods="1"/>
      <line num="3" count="27" type="cond" truecount="5" falsecount="0"/>
      <line num="4" count="5" type="stmt"/>
      <line num="6" count="22" type="cond" truecount="2" falsecount="0"/>
      <line num="7" count="1" type="stmt"/>
      <line num="9" count="21" type="cond" truecount="2" falsecount="0"/>
      <line num="10" count="1" type="stmt"/>
      <line num="14" count="20" type="stmt"/>
      <line num="15" count="20" type="cond" truecount="4" falsecount="0"/>
      <line num="16" count="14" type="cond" truecount="4" falsecount="0"/>
      <line num="18" count="3" type="stmt"/>
      <line num="19" count="11" type="cond" truecount="4" falsecount="0"/>
      <line num="21" count="6" type="stmt"/>
      <line num="22" count="6" type="stmt"/>
      <line num="23" count="5" type="cond" truecount="3" falsecount="1"/>
      <line num="25" count="5" type="stmt"/>
      <line num="29" count="20" type="stmt"/>
      <line num="32" count="1" type="stmt"/>
    </file>
  </project>
</coverage>
