{"/workspaces/CIS-470-TermTest-Iqbal/Code-1/calculatePrice.js": {"path":"/workspaces/CIS-470-TermTest-Iqbal/Code-1/calculatePrice.js","statementMap":{"0":{"start":{"line":3,"column":4},"end":{"line":5,"column":5}},"1":{"start":{"line":4,"column":6},"end":{"line":4,"column":73}},"2":{"start":{"line":6,"column":4},"end":{"line":8,"column":5}},"3":{"start":{"line":7,"column":6},"end":{"line":7,"column":83}},"4":{"start":{"line":9,"column":4},"end":{"line":11,"column":5}},"5":{"start":{"line":10,"column":6},"end":{"line":10,"column":83}},"6":{"start":{"line":14,"column":21},"end":{"line":14,"column":26}},"7":{"start":{"line":15,"column":4},"end":{"line":27,"column":5}},"8":{"start":{"line":16,"column":6},"end":{"line":26,"column":7}},"9":{"start":{"line":18,"column":8},"end":{"line":18,"column":26}},"10":{"start":{"line":19,"column":12},"end":{"line":26,"column":7}},"11":{"start":{"line":21,"column":8},"end":{"line":21,"column":27}},"12":{"start":{"line":22,"column":8},"end":{"line":22,"column":39}},"13":{"start":{"line":23,"column":12},"end":{"line":26,"column":7}},"14":{"start":{"line":25,"column":8},"end":{"line":25,"column":26}},"15":{"start":{"line":29,"column":4},"end":{"line":29,"column":22}},"16":{"start":{"line":32,"column":0},"end":{"line":32,"column":32}}},"fnMap":{"0":{"name":"calculatePrice","decl":{"start":{"line":1,"column":9},"end":{"line":1,"column":23}},"loc":{"start":{"line":1,"column":53},"end":{"line":30,"column":3}},"line":1}},"branchMap":{"0":{"loc":{"start":{"line":3,"column":4},"end":{"line":5,"column":5}},"type":"if","locations":[{"start":{"line":3,"column":4},"end":{"line":5,"column":5}},{"start":{},"end":{}}],"line":3},"1":{"loc":{"start":{"line":3,"column":8},"end":{"line":3,"column":62}},"type":"binary-expr","locations":[{"start":{"line":3,"column":8},"end":{"line":3,"column":33}},{"start":{"line":3,"column":37},"end":{"line":3,"column":47}},{"start":{"line":3,"column":51},"end":{"line":3,"column":62}}],"line":3},"2":{"loc":{"start":{"line":6,"column":4},"end":{"line":8,"column":5}},"type":"if","locations":[{"start":{"line":6,"column":4},"end":{"line":8,"column":5}},{"start":{},"end":{}}],"line":6},"3":{"loc":{"start":{"line":9,"column":4},"end":{"line":11,"column":5}},"type":"if","locations":[{"start":{"line":9,"column":4},"end":{"line":11,"column":5}},{"start":{},"end":{}}],"line":9},"4":{"loc":{"start":{"line":15,"column":4},"end":{"line":27,"column":5}},"type":"if","locations":[{"start":{"line":15,"column":4},"end":{"line":27,"column":5}},{"start":{},"end":{}}],"line":15},"5":{"loc":{"start":{"line":15,"column":8},"end":{"line":15,"column":30}},"type":"binary-expr","locations":[{"start":{"line":15,"column":8},"end":{"line":15,"column":17}},{"start":{"line":15,"column":21},"end":{"line":15,"column":30}}],"line":15},"6":{"loc":{"start":{"line":16,"column":6},"end":{"line":26,"column":7}},"type":"if","locations":[{"start":{"line":16,"column":6},"end":{"line":26,"column":7}},{"start":{"line":19,"column":12},"end":{"line":26,"column":7}}],"line":16},"7":{"loc":{"start":{"line":16,"column":10},"end":{"line":16,"column":32}},"type":"binary-expr","locations":[{"start":{"line":16,"column":10},"end":{"line":16,"column":19}},{"start":{"line":16,"column":23},"end":{"line":16,"column":32}}],"line":16},"8":{"loc":{"start":{"line":19,"column":12},"end":{"line":26,"column":7}},"type":"if","locations":[{"start":{"line":19,"column":12},"end":{"line":26,"column":7}},{"start":{"line":23,"column":12},"end":{"line":26,"column":7}}],"line":19},"9":{"loc":{"start":{"line":19,"column":16},"end":{"line":19,"column":39}},"type":"binary-expr","locations":[{"start":{"line":19,"column":16},"end":{"line":19,"column":25}},{"start":{"line":19,"column":29},"end":{"line":19,"column":39}}],"line":19},"10":{"loc":{"start":{"line":23,"column":12},"end":{"line":26,"column":7}},"type":"if","locations":[{"start":{"line":23,"column":12},"end":{"line":26,"column":7}},{"start":{},"end":{}}],"line":23},"11":{"loc":{"start":{"line":23,"column":16},"end":{"line":23,"column":39}},"type":"binary-expr","locations":[{"start":{"line":23,"column":16},"end":{"line":23,"column":25}},{"start":{"line":23,"column":29},"end":{"line":23,"column":39}}],"line":23}},"s":{"0":27,"1":5,"2":22,"3":1,"4":21,"5":1,"6":20,"7":20,"8":14,"9":3,"10":11,"11":6,"12":6,"13":5,"14":5,"15":20,"16":1},"f":{"0":27},"b":{"0":[5,22],"1":[27,25,24],"2":[1,21],"3":[1,20],"4":[14,6],"5":[20,12],"6":[3,11],"7":[14,8],"8":[6,5],"9":[11,6],"10":[5,0],"11":[5,5]},"_coverageSchema":"1a1c01bbd47fc00a2c39e90264f33305004495a9","hash":"b49c0c561be9d9290bf68fec26e449eddfbb610f"}
}
