{"/workspaces/CIS-470-TermTest/Code-1/calculatePrice.js": {"path":"/workspaces/CIS-470-TermTest/Code-1/calculatePrice.js","statementMap":{"0":{"start":{"line":3,"column":2},"end":{"line":5,"column":3}},"1":{"start":{"line":4,"column":4},"end":{"line":4,"column":71}},"2":{"start":{"line":8,"column":2},"end":{"line":10,"column":3}},"3":{"start":{"line":9,"column":4},"end":{"line":9,"column":81}},"4":{"start":{"line":11,"column":2},"end":{"line":13,"column":3}},"5":{"start":{"line":12,"column":4},"end":{"line":12,"column":81}},"6":{"start":{"line":16,"column":19},"end":{"line":16,"column":24}},"7":{"start":{"line":17,"column":2},"end":{"line":26,"column":3}},"8":{"start":{"line":19,"column":4},"end":{"line":19,"column":22}},"9":{"start":{"line":20,"column":9},"end":{"line":26,"column":3}},"10":{"start":{"line":22,"column":4},"end":{"line":22,"column":22}},"11":{"start":{"line":23,"column":9},"end":{"line":26,"column":3}},"12":{"start":{"line":25,"column":4},"end":{"line":25,"column":23}},"13":{"start":{"line":28,"column":2},"end":{"line":28,"column":20}},"14":{"start":{"line":31,"column":0},"end":{"line":31,"column":32}}},"fnMap":{"0":{"name":"calculatePrice","decl":{"start":{"line":1,"column":9},"end":{"line":1,"column":23}},"loc":{"start":{"line":1,"column":53},"end":{"line":29,"column":1}},"line":1}},"branchMap":{"0":{"loc":{"start":{"line":3,"column":2},"end":{"line":5,"column":3}},"type":"if","locations":[{"start":{"line":3,"column":2},"end":{"line":5,"column":3}},{"start":{},"end":{}}],"line":3},"1":{"loc":{"start":{"line":3,"column":6},"end":{"line":3,"column":45}},"type":"binary-expr","locations":[{"start":{"line":3,"column":6},"end":{"line":3,"column":31}},{"start":{"line":3,"column":35},"end":{"line":3,"column":45}}],"line":3},"2":{"loc":{"start":{"line":8,"column":2},"end":{"line":10,"column":3}},"type":"if","locations":[{"start":{"line":8,"column":2},"end":{"line":10,"column":3}},{"start":{},"end":{}}],"line":8},"3":{"loc":{"start":{"line":11,"column":2},"end":{"line":13,"column":3}},"type":"if","locations":[{"start":{"line":11,"column":2},"end":{"line":13,"column":3}},{"start":{},"end":{}}],"line":11},"4":{"loc":{"start":{"line":17,"column":2},"end":{"line":26,"column":3}},"type":"if","locations":[{"start":{"line":17,"column":2},"end":{"line":26,"column":3}},{"start":{"line":20,"column":9},"end":{"line":26,"column":3}}],"line":17},"5":{"loc":{"start":{"line":17,"column":6},"end":{"line":17,"column":28}},"type":"binary-expr","locations":[{"start":{"line":17,"column":6},"end":{"line":17,"column":15}},{"start":{"line":17,"column":19},"end":{"line":17,"column":28}}],"line":17},"6":{"loc":{"start":{"line":20,"column":9},"end":{"line":26,"column":3}},"type":"if","locations":[{"start":{"line":20,"column":9},"end":{"line":26,"column":3}},{"start":{"line":23,"column":9},"end":{"line":26,"column":3}}],"line":20},"7":{"loc":{"start":{"line":23,"column":9},"end":{"line":26,"column":3}},"type":"if","locations":[{"start":{"line":23,"column":9},"end":{"line":26,"column":3}},{"start":{},"end":{}}],"line":23}},"s":{"0":15,"1":4,"2":11,"3":2,"4":9,"5":1,"6":8,"7":8,"8":2,"9":6,"10":1,"11":5,"12":1,"13":8,"14":1},"f":{"0":15},"b":{"0":[4,11],"1":[15,13],"2":[2,9],"3":[1,8],"4":[2,6],"5":[8,3],"6":[1,5],"7":[1,4]},"_coverageSchema":"1a1c01bbd47fc00a2c39e90264f33305004495a9","hash":"1778f5d6c6073b8f9d05aaf2c31200c7bf7e7ea3"}
}
