TN:
SF:calculatePrice.js
FN:1,calculatePrice
FNF:1
FNH:1
FNDA:27,calculatePrice
DA:3,27
DA:4,5
DA:6,22
DA:7,1
DA:9,21
DA:10,1
DA:14,20
DA:15,20
DA:16,14
DA:18,3
DA:19,11
DA:21,6
DA:22,6
DA:23,5
DA:25,5
DA:29,20
DA:32,1
LF:17
LH:17
BRDA:3,0,0,5
BRDA:3,0,1,22
BRDA:3,1,0,27
BRDA:3,1,1,25
BRDA:3,1,2,24
BRDA:6,2,0,1
BRDA:6,2,1,21
BRDA:9,3,0,1
BRDA:9,3,1,20
BRDA:15,4,0,14
BRDA:15,4,1,6
BRDA:15,5,0,20
BRDA:15,5,1,12
BRDA:16,6,0,3
BRDA:16,6,1,11
BRDA:16,7,0,14
BRDA:16,7,1,8
BRDA:19,8,0,6
BRDA:19,8,1,5
BRDA:19,9,0,11
BRDA:19,9,1,6
BRDA:23,10,0,5
BRDA:23,10,1,0
BRDA:23,11,0,5
BRDA:23,11,1,5
BRF:25
BRH:24
end_of_record
